<?xml version="1.0" encoding="UTF-8"?>
<!-- Generated by org.testng.reporters.JUnitXMLReporter -->
<testsuite ignored="0" hostname="mk-PC" failures="1" tests="3" name="tests" time="79.154" errors="0" timestamp="27 cze 2019 12:19:26 GMT">
  <testcase classname="Tests" name="test001_logowanie" time="13.805"/>
  <testcase classname="Tests" name="test002_fillExpertsApplication" time="5.083">
    <failure type="java.lang.AssertionError" message="cannot click on element">
      <![CDATA[java.lang.AssertionError: cannot click on element
at utils.Utils.safeClick(Utils.java:65)
at pages.ExpertsApplication.clickPolishLanguageCheckbox(ExpertsApplication.java:82)
at Tests.test002_fillExpertsApplication(Tests.java:105)
... Removed 29 stack frames]]>
    </failure>
  </testcase> <!-- test002_fillExpertsApplication -->
  <testcase classname="Tests" name="test003_fillPolishLanguagePromotion" time="56.426"/>
</testsuite> <!-- tests -->
