-------------------------------------------------------------------------------
Test set: TestSuite
-------------------------------------------------------------------------------
Tests run: 3, Failures: 1, Errors: 0, Skipped: 0, Time elapsed: 81.477 s <<< FAILURE! - in TestSuite
test002_fillExpertsApplication(Tests)  Time elapsed: 5.106 s  <<< FAILURE!
java.lang.AssertionError: cannot click on element
	at Tests.test002_fillExpertsApplication(Tests.java:105)

